<?xml version="1.0" encoding="UTF-8"?>
<!-- Generated by org.testng.reporters.JUnitXMLReporter -->
<testsuite ignored="0" hostname="Bentebbaas-MBP.cable.rcn.com" failures="0" tests="1" name="Default test(failed)" time="0.059" errors="0" timestamp="2024-09-13T15:17:48 EDT">
  <testcase classname="testBase.BaseClass" name="@BeforeClass setup" time="-1.726255068501E9">
    <failure type="org.testng.TestNGException" message="
Parameter &amp;apos;os&amp;apos; is required by BeforeClass on method setup but has not been marked @Optional or defined
in /Users/bentebbaafamily/eclipse-workspace/opencart/test-output/testng-failed.xml">
      <![CDATA[org.testng.TestNGException: 
Parameter 'os' is required by BeforeClass on method setup but has not been marked @Optional or defined
in /Users/bentebbaafamily/eclipse-workspace/opencart/test-output/testng-failed.xml
at java.base/java.util.ArrayList.forEach(ArrayList.java:1541)
... Removed 22 stack frames]]>
    </failure>
  </testcase> <!-- @BeforeClass setup -->
  <testcase classname="testBase.BaseClass" name="@AfterClass teardown" time="-1.726255068537E9">
    <skipped/>
  </testcase> <!-- @AfterClass teardown -->
  <testcase classname="testCases.TC_002_LoginTest" name="verify_login" time="0.0">
    <skipped/>
  </testcase> <!-- verify_login -->
</testsuite> <!-- Default test(failed) -->
