<?xml version="1.0" encoding="UTF-8"?>
<!-- Generated by org.testng.reporters.JUnitXMLReporter -->
<testsuite ignored="0" hostname="Bentebbaas-MBP.cable.rcn.com" failures="0" tests="2" name="test" time="0.293" errors="0" timestamp="2024-09-13T14:20:28 EDT">
  <testcase classname="testBase.BaseClass" name="@BeforeClass setup" time="0.015">
    <failure type="java.lang.Error" message="Unresolved compilation problem: 
	The constructor RemoteWebDriver(URL, DesiredCapabilities) is undefined
">
      <![CDATA[java.lang.Error: Unresolved compilation problem: 
The constructor RemoteWebDriver(URL, DesiredCapabilities) is undefined

at testBase.BaseClass.setup(BaseClass.java:78)
at java.base/java.util.ArrayList.forEach(ArrayList.java:1541)
... Removed 25 stack frames]]>
    </failure>
  </testcase> <!-- @BeforeClass setup -->
  <testcase classname="testBase.BaseClass" name="@AfterClass teardown" time="0.0">
    <skipped/>
  </testcase> <!-- @AfterClass teardown -->
  <testcase classname="testBase.BaseClass" name="@BeforeClass setup" time="0.001">
    <failure type="java.lang.Error" message="Unresolved compilation problem: 
	The constructor RemoteWebDriver(URL, DesiredCapabilities) is undefined
">
      <![CDATA[java.lang.Error: Unresolved compilation problem: 
The constructor RemoteWebDriver(URL, DesiredCapabilities) is undefined

at testBase.BaseClass.setup(BaseClass.java:78)
at java.base/java.util.ArrayList.forEach(ArrayList.java:1541)
... Removed 25 stack frames]]>
    </failure>
  </testcase> <!-- @BeforeClass setup -->
  <testcase classname="testBase.BaseClass" name="@AfterClass teardown" time="0.0">
    <skipped/>
  </testcase> <!-- @AfterClass teardown -->
  <testcase classname="testCases.TC_001_AccountRegistrationTest" name="verify_account_registration" time="0.0">
    <skipped/>
  </testcase> <!-- verify_account_registration -->
  <testcase classname="testCases.TC_002_LoginTest" name="verify_login" time="0.0">
    <skipped/>
  </testcase> <!-- verify_login -->
</testsuite> <!-- test -->
